Restore Archived Project report for mp2
Wed Oct 10 21:31:20 2018
Quartus II 32-bit Version 13.1.4 Build 182 03/12/2014 SJ Full Version


---------------------
; Table of Contents ;
---------------------
  1. Legal Notice
  2. Restore Archived Project Summary
  3. Restore Archived Project Messages
  4. Files Restored
  5. Files Not Restored



----------------
; Legal Notice ;
----------------
Copyright (C) 1991-2014 Altera Corporation
Your use of Altera Corporation's design tools, logic functions 
and other software and tools, and its AMPP partner logic 
functions, and any output files from any of the foregoing 
(including device programming or simulation files), and any 
associated documentation or information are expressly subject 
to the terms and conditions of the Altera Program License 
Subscription Agreement, Altera MegaCore Function License 
Agreement, or other applicable license agreement, including, 
without limitation, that your use is for the sole purpose of 
programming logic devices manufactured by Altera and sold by 
Altera or its authorized distributors.  Please refer to the 
applicable agreement for further details.



+-------------------------------------------------------------------------+
; Restore Archived Project Summary                                        ;
+---------------------------------+---------------------------------------+
; Restore Archived Project Status ; Successful - Wed Oct 10 21:31:20 2018 ;
; Revision Name                   ; mp2                                   ;
; Top-level Entity Name           ; mp2                                   ;
; Family                          ; Stratix III                           ;
+---------------------------------+---------------------------------------+


+-----------------------------------+
; Restore Archived Project Messages ;
+-----------------------------------+
Info: Successfully restored '/home/naiyinj2/ece411/mp2/mp2_tmp_archive.qar' into the '/home/naiyinj2/git_ece411/mp2' directory
Info: Generated report 'mp2.restore.rpt'


+------------------------------------------------+
; Files Restored                                 ;
+------------------------------------------------+
; File Name                                      ;
+------------------------------------------------+
; alu.sv                                         ;
; array.sv                                       ;
; assignment_defaults.qdf                        ;
; cache.sv                                       ;
; cache_control.sv                               ;
; cache_data_modify.sv                           ;
; cache_datapath.sv                              ;
; cmp.sv                                         ;
; control.sv                                     ;
; cpu.sv                                         ;
; datapath.sv                                    ;
; db/mp2.cmp.hdb                                 ;
; db/mp2.db_info                                 ;
; incremental_db/compiled_partitions/mp2.db_info ;
; ir.sv                                          ;
; mp2.out.sdc                                    ;
; mp2.qpf                                        ;
; mp2.qsf                                        ;
; mp2.sv                                         ;
; mp2_tb.sv                                      ;
; mux2.sv                                        ;
; mux4.sv                                        ;
; mux8.sv                                        ;
; pc_reg.sv                                      ;
; physical_memory.sv                             ;
; regfile.sv                                     ;
; register.sv                                    ;
; rv32i_types.sv                                 ;
; word_select.sv                                 ;
+------------------------------------------------+


+--------------------+
; Files Not Restored ;
+--------------------+
; File Name          ;
+--------------------+


